{
  "RSpec": {
    "coverage": {
      "/home/river1440-ce/110_SOA/assignment/final_project/Headline_Connector/init.rb": {
        "lines": [
          null,
          null,
          1,
          1,
          null
        ]
      },
      "/home/river1440-ce/110_SOA/assignment/final_project/Headline_Connector/config/init.rb": {
        "lines": [
          null,
          null,
          1
        ]
      },
      "/home/river1440-ce/110_SOA/assignment/final_project/Headline_Connector/config/environment.rb": {
        "lines": [
          null,
          null,
          1,
          1,
          1,
          1,
          null,
          1,
          null,
          1,
          1,
          null,
          1,
          null,
          1,
          null,
          null,
          null,
          1,
          1,
          null,
          1,
          1,
          null,
          null,
          null,
          1,
          0,
          null,
          null,
          null
        ]
      }
    },
    "timestamp": 1636638989
  }
}
